<?xml version="1.0" encoding="utf-8"?><testsuites name="pytest tests"><testsuite name="pytest" errors="0" failures="0" skipped="0" tests="18" time="6.690" timestamp="2026-04-19T02:54:12.516657+00:00" hostname="agent-env-494ada45-c3cb-4437-ac4c-cadf6e17343a"><testcase classname="backend.tests.test_daily_sales_api.TestHealthCheck" name="test_api_health" time="0.160" /><testcase classname="backend.tests.test_daily_sales_api.TestPreviousFinancialData" name="test_previous_financial_data_empty_db" time="0.113" /><testcase classname="backend.tests.test_daily_sales_api.TestPreviousFinancialData" name="test_previous_financial_data_invalid_date" time="0.107" /><testcase classname="backend.tests.test_daily_sales_api.TestPreviousFinancialData" name="test_previous_financial_data_valid_format" time="0.132" /><testcase classname="backend.tests.test_daily_sales_api.TestUploadSalesData" name="test_upload_sales_data_invalid_file_type" time="0.110" /><testcase classname="backend.tests.test_daily_sales_api.TestUploadSalesData" name="test_upload_sales_data_daily_success" time="0.269" /><testcase classname="backend.tests.test_daily_sales_api.TestUploadSalesData" name="test_upload_sales_data_missing_date_for_daily" time="0.165" /><testcase classname="backend.tests.test_daily_sales_api.TestGenerateDailyReport" name="test_generate_daily_report_success" time="0.173" /><testcase classname="backend.tests.test_daily_sales_api.TestGenerateDailyReport" name="test_generate_daily_report_minimal_params" time="0.121" /><testcase classname="backend.tests.test_daily_sales_api.TestGenerateDailyReport" name="test_generate_daily_report_invalid_date" time="0.127" /><testcase classname="backend.tests.test_daily_sales_api.TestGenerateDailyReport" name="test_generate_daily_report_saves_financial_data" time="0.236" /><testcase classname="backend.tests.test_daily_sales_api.TestExtractCanteenSummary" name="test_extract_canteen_summary_no_file" time="0.102" /><testcase classname="backend.tests.test_daily_sales_api.TestExtractCanteenSummary" name="test_extract_canteen_summary_invalid_file" time="2.136" /><testcase classname="backend.tests.test_daily_sales_api.TestExtractCanteenSummary" name="test_extract_canteen_summary_with_minimal_image" time="1.680" /><testcase classname="backend.tests.test_daily_sales_api.TestFinancialDataRange" name="test_financial_data_range_valid_dates" time="0.162" /><testcase classname="backend.tests.test_daily_sales_api.TestFinancialDataRange" name="test_financial_data_range_invalid_dates" time="0.110" /><testcase classname="backend.tests.test_daily_sales_api.TestFinancialDataRange" name="test_financial_data_range_empty_range" time="0.106" /><testcase classname="backend.tests.test_daily_sales_api.TestEndToEndAutoGeneration" name="test_e2e_upload_then_generate_report" time="0.577" /></testsuite></testsuites>