<?xml version="1.0" encoding="utf-8"?><testsuites name="pytest tests"><testsuite name="pytest" errors="0" failures="0" skipped="0" tests="26" time="7.312" timestamp="2026-04-19T03:04:59.736260+00:00" hostname="agent-env-494ada45-c3cb-4437-ac4c-cadf6e17343a"><testcase classname="backend.tests.test_daily_sales_api.TestHealthCheck" name="test_api_health" time="0.124" /><testcase classname="backend.tests.test_daily_sales_api.TestPreviousFinancialData" name="test_previous_financial_data_empty_db" time="0.108" /><testcase classname="backend.tests.test_daily_sales_api.TestPreviousFinancialData" name="test_previous_financial_data_invalid_date" time="0.107" /><testcase classname="backend.tests.test_daily_sales_api.TestPreviousFinancialData" name="test_previous_financial_data_valid_format" time="0.139" /><testcase classname="backend.tests.test_daily_sales_api.TestUploadSalesData" name="test_upload_sales_data_invalid_file_type" time="0.108" /><testcase classname="backend.tests.test_daily_sales_api.TestUploadSalesData" name="test_upload_sales_data_daily_success" time="0.297" /><testcase classname="backend.tests.test_daily_sales_api.TestUploadSalesData" name="test_upload_sales_data_missing_date_for_daily" time="0.133" /><testcase classname="backend.tests.test_daily_sales_api.TestGenerateDailyReport" name="test_generate_daily_report_success" time="0.138" /><testcase classname="backend.tests.test_daily_sales_api.TestGenerateDailyReport" name="test_generate_daily_report_minimal_params" time="0.111" /><testcase classname="backend.tests.test_daily_sales_api.TestGenerateDailyReport" name="test_generate_daily_report_invalid_date" time="0.109" /><testcase classname="backend.tests.test_daily_sales_api.TestGenerateDailyReport" name="test_generate_daily_report_saves_financial_data" time="0.241" /><testcase classname="backend.tests.test_daily_sales_api.TestExtractCanteenSummary" name="test_extract_canteen_summary_no_file" time="0.137" /><testcase classname="backend.tests.test_daily_sales_api.TestExtractCanteenSummary" name="test_extract_canteen_summary_invalid_file" time="1.505" /><testcase classname="backend.tests.test_daily_sales_api.TestExtractCanteenSummary" name="test_extract_canteen_summary_with_minimal_image" time="1.766" /><testcase classname="backend.tests.test_daily_sales_api.TestFinancialDataRange" name="test_financial_data_range_valid_dates" time="0.137" /><testcase classname="backend.tests.test_daily_sales_api.TestFinancialDataRange" name="test_financial_data_range_invalid_dates" time="0.113" /><testcase classname="backend.tests.test_daily_sales_api.TestFinancialDataRange" name="test_financial_data_range_empty_range" time="0.103" /><testcase classname="backend.tests.test_daily_sales_api.TestEndToEndAutoGeneration" name="test_e2e_upload_then_generate_report" time="0.566" /><testcase classname="backend.tests.test_generate_daily_report_fallback.TestFallbackNoPriorData" name="test_no_prior_data_returns_400" time="0.123" /><testcase classname="backend.tests.test_generate_daily_report_fallback.TestFallbackYesterdayExists" name="test_auto_fetch_from_yesterday" time="0.122" /><testcase classname="backend.tests.test_generate_daily_report_fallback.TestFallbackGapDay" name="test_walk_back_to_day_minus_2" time="0.121" /><testcase classname="backend.tests.test_generate_daily_report_fallback.TestFallbackStockValue" name="test_auto_fetch_stock_value" time="0.137" /><testcase classname="backend.tests.test_generate_daily_report_fallback.TestBackwardCompatibility" name="test_explicit_value_not_overridden" time="0.114" /><testcase classname="backend.tests.test_generate_daily_report_fallback.TestHTTPExceptionNotMasked" name="test_400_not_masked_as_500" time="0.115" /><testcase classname="backend.tests.test_generate_daily_report_fallback.TestFinancialDataRangeAfterFallback" name="test_financial_data_range_after_fallback" time="0.353" /><testcase classname="backend.tests.test_generate_daily_report_fallback.TestLiquorSalesDefaultsToZero" name="test_liquor_sales_defaults_to_zero" time="0.133" /></testsuite></testsuites>